<?xml version="1.0" encoding="UTF-8"?>
<testsuite name="CrossbodyBagTest" tests="3" skipped="0" failures="0" errors="0" timestamp="2022-09-18T03:25:47" hostname="DESKTOP-H3SC6O2" time="0.028">
  <properties/>
  <testcase name="TestToString" classname="CrossbodyBagTest" time="0.025"/>
  <testcase name="TestEnhance" classname="CrossbodyBagTest" time="0.002"/>
  <testcase name="TestGetNumberOfStraps" classname="CrossbodyBagTest" time="0.0"/>
  <system-out><![CDATA[]]></system-out>
  <system-err><![CDATA[]]></system-err>
</testsuite>
